[0913/221318.206:ERROR:batching_media_log.cc(38)] MediaEvent: {"error":"FFmpegDemuxer: no supported streams"}
[0913/221318.206:ERROR:batching_media_log.cc(35)] MediaEvent: {"pipeline_error":14}
[0913/221318.569:ERROR:batching_media_log.cc(38)] MediaEvent: {"error":"FFmpegDemuxer: no supported streams"}
[0913/221318.569:ERROR:batching_media_log.cc(35)] MediaEvent: {"pipeline_error":14}
[0916/112735.324:ERROR:os_crypt_win.cc(92)] Failed to decrypt: Key not valid for use in specified state. (0x8009000B)
[0916/112738.805:WARNING:value_store_frontend.cc(44)] Reading mhjfbmdgcfjbbpaeojofohoefgiehjai.alarms from  failed: IO error: .../MANIFEST-000001: Unable to create sequential file (ChromeMethodBFE: 7::NewSequentialFile::1)
[0916/112854.560:ERROR:batching_media_log.cc(38)] MediaEvent: {"error":"FFmpegDemuxer: no supported streams"}
[0916/112854.560:ERROR:batching_media_log.cc(35)] MediaEvent: {"pipeline_error":14}
[0916/112854.580:ERROR:batching_media_log.cc(38)] MediaEvent: {"error":"FFmpegDemuxer: no supported streams"}
[0916/112854.580:ERROR:batching_media_log.cc(35)] MediaEvent: {"pipeline_error":14}
[0916/112854.706:WARNING:spdy_session.cc(3365)] Received HEADERS for invalid stream 23
[0916/112855.283:ERROR:leveldb_factory.cc(90)] Failed to open LevelDB database from C:/Users/linch/OneDrive/Documents/GitHub/Serious_Games/Serious_Games/Saved/webcache_4147\IndexedDB\https_www.youtube-nocookie.com_0.indexeddb.leveldb,IO error: C:/Users/linch/OneDrive/Documents/GitHub/Serious_Games/Serious_Games/Saved/webcache_4147\IndexedDB\https_www.youtube-nocookie.com_0.indexeddb.leveldb/MANIFEST-000001: Unable to create sequential file (ChromeMethodBFE: 7::NewSequentialFile::1)
[0916/112855.288:ERROR:leveldb_factory.cc(90)] Failed to open LevelDB database from C:/Users/linch/OneDrive/Documents/GitHub/Serious_Games/Serious_Games/Saved/webcache_4147\IndexedDB\https_www.youtube-nocookie.com_0.indexeddb.leveldb,IO error: C:/Users/linch/OneDrive/Documents/GitHub/Serious_Games/Serious_Games/Saved/webcache_4147\IndexedDB\https_www.youtube-nocookie.com_0.indexeddb.leveldb/MANIFEST-000001: Unable to create sequential file (ChromeMethodBFE: 7::NewSequentialFile::1)
[0922/083808.925:ERROR:os_crypt_win.cc(92)] Failed to decrypt: Key not valid for use in specified state. (0x8009000B)
[0922/083809.502:WARNING:backend_impl.cc(1813)] Destroying invalid entry.
[0922/083809.504:ERROR:backend_impl.cc(1041)] Critical error found -8
[0922/083809.504:WARNING:storage_block-inl.h(146)] Failed data load.
[0922/083809.504:WARNING:storage_block-inl.h(146)] Failed data load.
[0922/083809.504:WARNING:storage_block-inl.h(146)] Failed data load.
[0922/083809.504:ERROR:entry_impl.cc(1076)] No file for c10310aa
[0922/083809.504:WARNING:storage_block-inl.h(146)] Failed data load.
[0922/083810.688:WARNING:storage_block-inl.h(146)] Failed data load.
[0922/083810.688:WARNING:storage_block-inl.h(146)] Failed data load.
[0922/083810.688:WARNING:storage_block-inl.h(146)] Failed data load.
[0922/083810.689:WARNING:storage_block-inl.h(146)] Failed data load.
[0922/083810.689:WARNING:storage_block-inl.h(146)] Failed data load.
[0922/083810.689:ERROR:entry_impl.cc(998)] Failed to save user data
[0922/083810.689:ERROR:entry_impl.cc(998)] Failed to save user data
[0922/084005.079:ERROR:batching_media_log.cc(38)] MediaEvent: {"error":"FFmpegDemuxer: no supported streams"}
[0922/084005.097:ERROR:batching_media_log.cc(35)] MediaEvent: {"pipeline_error":14}
[0922/084005.154:ERROR:batching_media_log.cc(38)] MediaEvent: {"error":"FFmpegDemuxer: no supported streams"}
[0922/084005.154:ERROR:batching_media_log.cc(35)] MediaEvent: {"pipeline_error":14}
[1013/194213.989:ERROR:batching_media_log.cc(38)] MediaEvent: {"error":"FFmpegDemuxer: no supported streams"}
[1013/194213.990:ERROR:batching_media_log.cc(35)] MediaEvent: {"pipeline_error":14}
[1013/194213.994:ERROR:batching_media_log.cc(38)] MediaEvent: {"error":"FFmpegDemuxer: no supported streams"}
[1013/194213.994:ERROR:batching_media_log.cc(35)] MediaEvent: {"pipeline_error":14}
